[21:26:12] [Server thread/INFO]: Starting minecraft server version 1.10.2
[21:26:22] [Server thread/INFO]: Loading properties
[21:26:22] [Server thread/INFO]: Default game type: SURVIVAL
[21:26:22] [Server thread/INFO]: Generating keypair
[21:26:23] [Server thread/INFO]: Starting Minecraft server on *:25565
[21:26:23] [Server thread/INFO]: Using default channel type
[21:26:24] [Server thread/WARN]: Failed to load user banlist: 
java.io.FileNotFoundException: banned-players.json (Nie mo¿na odnaleŸæ okreœlonego pliku)
	at java.io.FileInputStream.open0(Native Method) ~[?:1.8.0_111]
	at java.io.FileInputStream.open(Unknown Source) ~[?:1.8.0_111]
	at java.io.FileInputStream.<init>(Unknown Source) ~[?:1.8.0_111]
	at com.google.common.io.Files.newReader(Files.java:86) ~[guava-17.0.jar:?]
	at net.minecraft.server.management.UserList.readSavedFile(UserList.java:198) ~[UserList.class:?]
	at net.minecraft.server.dedicated.DedicatedPlayerList.loadPlayerBanList(DedicatedPlayerList.java:119) [DedicatedPlayerList.class:?]
	at net.minecraft.server.dedicated.DedicatedPlayerList.<init>(DedicatedPlayerList.java:29) [DedicatedPlayerList.class:?]
	at net.minecraft.server.dedicated.DedicatedServer.startServer(DedicatedServer.java:218) [DedicatedServer.class:?]
	at net.minecraft.server.MinecraftServer.run(MinecraftServer.java:496) [MinecraftServer.class:?]
	at java.lang.Thread.run(Unknown Source) [?:1.8.0_111]
[21:26:24] [Server thread/WARN]: Failed to load ip banlist: 
java.io.FileNotFoundException: banned-ips.json (Nie mo¿na odnaleŸæ okreœlonego pliku)
	at java.io.FileInputStream.open0(Native Method) ~[?:1.8.0_111]
	at java.io.FileInputStream.open(Unknown Source) ~[?:1.8.0_111]
	at java.io.FileInputStream.<init>(Unknown Source) ~[?:1.8.0_111]
	at com.google.common.io.Files.newReader(Files.java:86) ~[guava-17.0.jar:?]
	at net.minecraft.server.management.UserList.readSavedFile(UserList.java:198) ~[UserList.class:?]
	at net.minecraft.server.dedicated.DedicatedPlayerList.loadIPBanList(DedicatedPlayerList.java:107) [DedicatedPlayerList.class:?]
	at net.minecraft.server.dedicated.DedicatedPlayerList.<init>(DedicatedPlayerList.java:31) [DedicatedPlayerList.class:?]
	at net.minecraft.server.dedicated.DedicatedServer.startServer(DedicatedServer.java:218) [DedicatedServer.class:?]
	at net.minecraft.server.MinecraftServer.run(MinecraftServer.java:496) [MinecraftServer.class:?]
	at java.lang.Thread.run(Unknown Source) [?:1.8.0_111]
[21:26:24] [Server thread/WARN]: Failed to load operators list: 
java.io.FileNotFoundException: ops.json (Nie mo¿na odnaleŸæ okreœlonego pliku)
	at java.io.FileInputStream.open0(Native Method) ~[?:1.8.0_111]
	at java.io.FileInputStream.open(Unknown Source) ~[?:1.8.0_111]
	at java.io.FileInputStream.<init>(Unknown Source) ~[?:1.8.0_111]
	at com.google.common.io.Files.newReader(Files.java:86) ~[guava-17.0.jar:?]
	at net.minecraft.server.management.UserList.readSavedFile(UserList.java:198) ~[UserList.class:?]
	at net.minecraft.server.dedicated.DedicatedPlayerList.loadOpsList(DedicatedPlayerList.java:131) [DedicatedPlayerList.class:?]
	at net.minecraft.server.dedicated.DedicatedPlayerList.<init>(DedicatedPlayerList.java:33) [DedicatedPlayerList.class:?]
	at net.minecraft.server.dedicated.DedicatedServer.startServer(DedicatedServer.java:218) [DedicatedServer.class:?]
	at net.minecraft.server.MinecraftServer.run(MinecraftServer.java:496) [MinecraftServer.class:?]
	at java.lang.Thread.run(Unknown Source) [?:1.8.0_111]
[21:26:24] [Server thread/WARN]: Failed to load white-list: 
java.io.FileNotFoundException: whitelist.json (Nie mo¿na odnaleŸæ okreœlonego pliku)
	at java.io.FileInputStream.open0(Native Method) ~[?:1.8.0_111]
	at java.io.FileInputStream.open(Unknown Source) ~[?:1.8.0_111]
	at java.io.FileInputStream.<init>(Unknown Source) ~[?:1.8.0_111]
	at com.google.common.io.Files.newReader(Files.java:86) ~[guava-17.0.jar:?]
	at net.minecraft.server.management.UserList.readSavedFile(UserList.java:198) ~[UserList.class:?]
	at net.minecraft.server.dedicated.DedicatedPlayerList.readWhiteList(DedicatedPlayerList.java:155) [DedicatedPlayerList.class:?]
	at net.minecraft.server.dedicated.DedicatedPlayerList.<init>(DedicatedPlayerList.java:34) [DedicatedPlayerList.class:?]
	at net.minecraft.server.dedicated.DedicatedServer.startServer(DedicatedServer.java:218) [DedicatedServer.class:?]
	at net.minecraft.server.MinecraftServer.run(MinecraftServer.java:496) [MinecraftServer.class:?]
	at java.lang.Thread.run(Unknown Source) [?:1.8.0_111]
[21:26:24] [Server thread/INFO]: Preparing level "world"
[21:26:26] [Server thread/WARN]: Unable to find spawn biome
[21:26:28] [Server thread/INFO]: Preparing start region for level 0
[21:26:29] [Server thread/INFO]: Preparing spawn area: 3%
[21:26:31] [Server thread/INFO]: Preparing spawn area: 8%
[21:26:32] [Server thread/INFO]: Preparing spawn area: 14%
[21:26:33] [Server thread/INFO]: Preparing spawn area: 18%
[21:26:34] [Server thread/INFO]: Preparing spawn area: 24%
[21:26:35] [Server thread/INFO]: Preparing spawn area: 30%
[21:26:36] [Server thread/INFO]: Preparing spawn area: 37%
[21:26:37] [Server thread/INFO]: Preparing spawn area: 45%
[21:26:38] [Server thread/INFO]: Preparing spawn area: 52%
[21:26:39] [Server thread/INFO]: Preparing spawn area: 61%
[21:26:40] [Server thread/INFO]: Preparing spawn area: 68%
[21:26:41] [Server thread/INFO]: Preparing spawn area: 76%
[21:26:42] [Server thread/INFO]: Preparing spawn area: 85%
[21:26:43] [Server thread/INFO]: Preparing spawn area: 93%
[21:26:44] [Server thread/INFO]: Done (20,628s)! For help, type "help" or "?"
[21:28:45] [Server thread/INFO]: com.mojang.authlib.GameProfile@198b310a[id=<null>,name=Player817,properties={},legacy=false] (/127.0.0.1:56932) lost connection: Disconnected
[21:30:55] [User Authenticator #1/INFO]: UUID of player lukas20056 is e149942f-201f-48db-9f25-b34056b86aa9
[21:30:56] [Server thread/INFO]: lukas20056[/127.0.0.1:56962] logged in with entity id 1639 at (-268.5, 96.0, 152.5)
[21:30:56] [Server thread/INFO]: lukas20056 joined the game
[21:30:58] [Server thread/WARN]: Can't keep up! Did the system time change, or is the server overloaded? Running 2460ms behind, skipping 49 tick(s)
[21:31:06] [Server thread/INFO]: lukas20056 has just earned the achievement [Taking Inventory]
[21:31:16] [Server thread/INFO]: Opped lukas20056
[21:31:26] [Server thread/INFO]: [lukas20056: Given [item.Resources Test Item 2.name] * 1 to lukas20056]
[21:35:04] [Server thread/INFO]: [lukas20056: Teleported lukas20056 to -253.78336710298066, 94.0, 164.4602628153521]
[21:36:14] [Server thread/INFO]: lukas20056 lost connection: TranslatableComponent{key='disconnect.genericReason', args=[Internal Exception: java.io.IOException: Istniej¹ce po³¹czenie zosta³o gwa³townie zamkniête przez zdalnego hosta], siblings=[], style=Style{hasParent=false, color=null, bold=null, italic=null, underlined=null, obfuscated=null, clickEvent=null, hoverEvent=null, insertion=null}}
[21:36:14] [Server thread/INFO]: lukas20056 left the game
